<?xml version="1.0" encoding="UTF-8"?>
<testng-results ignored="0" total="3" passed="3" failed="0" skipped="0">
  <reporter-output>
  </reporter-output>
  <suite started-at="2022-03-11T00:13:54Z" name="Default suite" finished-at="2022-03-11T00:14:05Z" duration-ms="11154">
    <groups>
    </groups>
    <test started-at="2022-03-11T00:13:54Z" name="Default test" finished-at="2022-03-11T00:14:05Z" duration-ms="11154">
      <class name="webdriver.Topic_01_Check_Environment">
        <test-method is-config="true" signature="beforeClass()[pri:0, instance:webdriver.Topic_01_Check_Environment@398dada8]" started-at="2022-03-11T00:13:54Z" name="beforeClass" finished-at="2022-03-11T00:14:04Z" duration-ms="9631" status="PASS">
          <reporter-output>
          </reporter-output>
        </test-method> <!-- beforeClass -->
        <test-method signature="TC_01_ValidateCurrentUrl()[pri:0, instance:webdriver.Topic_01_Check_Environment@398dada8]" started-at="2022-03-11T00:14:04Z" name="TC_01_ValidateCurrentUrl" finished-at="2022-03-11T00:14:04Z" duration-ms="56" status="PASS">
          <reporter-output>
          </reporter-output>
        </test-method> <!-- TC_01_ValidateCurrentUrl -->
        <test-method signature="TC_02_ValidatePageTitle()[pri:0, instance:webdriver.Topic_01_Check_Environment@398dada8]" started-at="2022-03-11T00:14:04Z" name="TC_02_ValidatePageTitle" finished-at="2022-03-11T00:14:04Z" duration-ms="14" status="PASS">
          <reporter-output>
          </reporter-output>
        </test-method> <!-- TC_02_ValidatePageTitle -->
        <test-method signature="TC_03_LoginFormDisplayed()[pri:0, instance:webdriver.Topic_01_Check_Environment@398dada8]" started-at="2022-03-11T00:14:04Z" name="TC_03_LoginFormDisplayed" finished-at="2022-03-11T00:14:04Z" duration-ms="183" status="PASS">
          <reporter-output>
          </reporter-output>
        </test-method> <!-- TC_03_LoginFormDisplayed -->
        <test-method is-config="true" signature="afterClass()[pri:0, instance:webdriver.Topic_01_Check_Environment@398dada8]" started-at="2022-03-11T00:14:04Z" name="afterClass" finished-at="2022-03-11T00:14:05Z" duration-ms="1224" status="PASS">
          <reporter-output>
          </reporter-output>
        </test-method> <!-- afterClass -->
      </class> <!-- webdriver.Topic_01_Check_Environment -->
    </test> <!-- Default test -->
  </suite> <!-- Default suite -->
</testng-results>
